<?xml version="1.0" encoding="UTF-8"?>
<!-- Generated by org.testng.reporters.JUnitXMLReporter -->
<testsuite ignored="32" hostname="Pebbles" failures="0" tests="1" name="Default test" time="29.165" errors="0" timestamp="2023-02-12T21:19:23 EST">
  <testcase classname="com.salesforcetest.SalesforceTestAutomation" name="createNewOptyTc16" time="23.683"/>
  <testcase classname="com.salesforcetest.SalesforceTestAutomation" name="mergeAccountsTc13" time="0.0">
    <ignored/>
  </testcase> <!-- mergeAccountsTc13 -->
  <testcase classname="com.salesforcetest.SalesforceTestAutomation" name="newButtonOnLeadsTc24" time="0.0">
    <ignored/>
  </testcase> <!-- newButtonOnLeadsTc24 -->
  <testcase classname="com.salesforcetest.SalesforceTestAutomation" name="leadsTabTc20" time="0.0">
    <ignored/>
  </testcase> <!-- leadsTabTc20 -->
  <testcase classname="com.salesforcetest.SalesforceTestAutomation" name="testQuarterlySummaryReportTc19" time="0.0">
    <ignored/>
  </testcase> <!-- testQuarterlySummaryReportTc19 -->
  <testcase classname="com.salesforcetest.SalesforceTestAutomation" name="createNewViewIncontactTc26" time="0.0">
    <ignored/>
  </testcase> <!-- createNewViewIncontactTc26 -->
  <testcase classname="com.salesforcetest.SalesforceTestAutomation" name="recentlyCreatedcontactTc27" time="0.0">
    <ignored/>
  </testcase> <!-- recentlyCreatedcontactTc27 -->
  <testcase classname="com.salesforcetest.SalesforceTestAutomation" name="createAccountTc10" time="0.0">
    <ignored/>
  </testcase> <!-- createAccountTc10 -->
  <testcase classname="com.salesforcetest.SalesforceTestAutomation" name="logout9" time="0.0">
    <ignored/>
  </testcase> <!-- logout9 -->
  <testcase classname="com.salesforcetest.SalesforceTestAutomation" name="todaysLeadsTc23" time="0.0">
    <ignored/>
  </testcase> <!-- todaysLeadsTc23 -->
  <testcase classname="com.salesforcetest.SalesforceTestAutomation" name="oppurtunityDropDownTc15" time="0.0">
    <ignored/>
  </testcase> <!-- oppurtunityDropDownTc15 -->
  <testcase classname="com.salesforcetest.SalesforceTestAutomation" name="defaultViewinLeadsTc22" time="0.0">
    <ignored/>
  </testcase> <!-- defaultViewinLeadsTc22 -->
  <testcase classname="com.salesforcetest.SalesforceTestAutomation" name="cancelinCreateNewViewTc31" time="0.0">
    <ignored/>
  </testcase> <!-- cancelinCreateNewViewTc31 -->
  <testcase classname="com.salesforcetest.SalesforceTestAutomation" name="salesforceLoginErrorTc1" time="0.0">
    <ignored/>
  </testcase> <!-- salesforceLoginErrorTc1 -->
  <testcase classname="com.salesforcetest.SalesforceTestAutomation" name="contactNameInRecentContacs29" time="0.0">
    <ignored/>
  </testcase> <!-- contactNameInRecentContacs29 -->
  <testcase classname="com.salesforcetest.SalesforceTestAutomation" name="editViewTc12" time="0.0">
    <ignored/>
  </testcase> <!-- editViewTc12 -->
  <testcase classname="com.salesforcetest.SalesforceTestAutomation" name="optyyPipelineReportTc17" time="0.0">
    <ignored/>
  </testcase> <!-- optyyPipelineReportTc17 -->
  <testcase classname="com.salesforcetest.SalesforceTestAutomation" name="saveAndNewInContactsTc32" time="0.0">
    <ignored/>
  </testcase> <!-- saveAndNewInContactsTc32 -->
  <testcase classname="com.salesforcetest.SalesforceTestAutomation" name="createAccountReportTc14" time="0.0">
    <ignored/>
  </testcase> <!-- createAccountReportTc14 -->
  <testcase classname="com.salesforcetest.SalesforceTestAutomation" name="usermenuDropDownTc5" time="0.0">
    <ignored/>
  </testcase> <!-- usermenuDropDownTc5 -->
  <testcase classname="com.salesforcetest.SalesforceTestAutomation" name="leadsDropdown21" time="0.0">
    <ignored/>
  </testcase> <!-- leadsDropdown21 -->
  <testcase classname="com.salesforcetest.SalesforceTestAutomation" name="checkerrorMessageinContacs30" time="0.0">
    <ignored/>
  </testcase> <!-- checkerrorMessageinContacs30 -->
  <testcase classname="com.salesforcetest.SalesforceTestAutomation" name="forgotPasswordTc4" time="0.0">
    <ignored/>
  </testcase> <!-- forgotPasswordTc4 -->
  <testcase classname="com.salesforcetest.SalesforceTestAutomation" name="myContactsViewInTheCorrectPage28" time="0.0">
    <ignored/>
  </testcase> <!-- myContactsViewInTheCorrectPage28 -->
  <testcase classname="com.salesforcetest.SalesforceTestAutomation" name="myprofile6" time="0.0">
    <ignored/>
  </testcase> <!-- myprofile6 -->
  <testcase classname="com.salesforcetest.SalesforceTestAutomation" name="mysettings7" time="0.0">
    <ignored/>
  </testcase> <!-- mysettings7 -->
  <testcase classname="com.salesforcetest.SalesforceTestAutomation" name="forgotPasswordTc4a" time="0.0">
    <ignored/>
  </testcase> <!-- forgotPasswordTc4a -->
  <testcase classname="com.salesforcetest.SalesforceTestAutomation" name="createNewViewinAccounTc11" time="0.0">
    <ignored/>
  </testcase> <!-- createNewViewinAccounTc11 -->
  <testcase classname="com.salesforcetest.SalesforceTestAutomation" name="salesforceLoginTc2" time="0.0">
    <ignored/>
  </testcase> <!-- salesforceLoginTc2 -->
  <testcase classname="com.salesforcetest.SalesforceTestAutomation" name="createNewcontactTc25" time="0.0">
    <ignored/>
  </testcase> <!-- createNewcontactTc25 -->
  <testcase classname="com.salesforcetest.SalesforceTestAutomation" name="stuckOptsReportTc18" time="0.0">
    <ignored/>
  </testcase> <!-- stuckOptsReportTc18 -->
  <testcase classname="com.salesforcetest.SalesforceTestAutomation" name="developerConsoleTc8" time="0.0">
    <ignored/>
  </testcase> <!-- developerConsoleTc8 -->
  <testcase classname="com.salesforcetest.SalesforceTestAutomation" name="rememberMeTc3" time="0.0">
    <ignored/>
  </testcase> <!-- rememberMeTc3 -->
</testsuite> <!-- Default test -->
