<?xml version="1.0" encoding="UTF-8"?>
<!-- Generated by org.testng.reporters.JUnitXMLReporter -->
<testsuite ignored="3" hostname="Pebbles" failures="0" tests="1" name="Test" time="19.168" errors="0" timestamp="2023-02-05T11:27:41 EST">
  <testcase classname="com.salesforcetest.SalesforceTest" name="createNewViewinAccounTc11" time="8.711"/>
  <testcase classname="com.salesforcetest.SalesforceTest" name="editViewTc12" time="0.0">
    <ignored/>
  </testcase> <!-- editViewTc12 -->
  <testcase classname="com.salesforcetest.SalesforceTest" name="salesforceLoginErrorTc1" time="0.0">
    <ignored/>
  </testcase> <!-- salesforceLoginErrorTc1 -->
  <testcase classname="com.salesforcetest.SalesforceTest" name="salesforceLoginTc2" time="0.0">
    <ignored/>
  </testcase> <!-- salesforceLoginTc2 -->
</testsuite> <!-- Test -->
