<?xml version="1.0" encoding="UTF-8"?>
<testng-results ignored="32" total="33" passed="1" failed="0" skipped="0">
  <reporter-output>
  </reporter-output>
  <suite started-at="2023-02-12T21:18:53 EST" name="Default suite" finished-at="2023-02-12T21:19:22 EST" duration-ms="29165">
    <groups>
    </groups>
    <test started-at="2023-02-12T21:18:53 EST" name="Default test" finished-at="2023-02-12T21:19:22 EST" duration-ms="29165">
      <class name="com.salesforcetest.SalesforceTestAutomation">
        <test-method is-config="true" signature="setUpBeforeTest()[pri:0, instance:com.salesforcetest.SalesforceTestAutomation@3ce1e309]" started-at="2023-02-12T21:18:54 EST" name="setUpBeforeTest" finished-at="2023-02-12T21:18:54 EST" duration-ms="633" status="PASS">
          <reporter-output>
          </reporter-output>
        </test-method> <!-- setUpBeforeTest -->
        <test-method is-config="true" signature="setupBeforeTestMethod(java.lang.String)[pri:0, instance:com.salesforcetest.SalesforceTestAutomation@3ce1e309]" started-at="2023-02-12T21:18:54 EST" name="setupBeforeTestMethod" finished-at="2023-02-12T21:18:58 EST" duration-ms="4013" status="PASS">
          <params>
            <param index="0">
              <value>
                <![CDATA[chrome]]>
              </value>
            </param>
          </params>
          <reporter-output>
          </reporter-output>
        </test-method> <!-- setupBeforeTestMethod -->
        <test-method signature="createNewOptyTc16()[pri:0, instance:com.salesforcetest.SalesforceTestAutomation@3ce1e309]" started-at="2023-02-12T21:18:58 EST" name="createNewOptyTc16" finished-at="2023-02-12T21:19:22 EST" duration-ms="23683" status="PASS">
          <reporter-output>
          </reporter-output>
        </test-method> <!-- createNewOptyTc16 -->
        <test-method is-config="true" signature="AfterTearDownMethod()[pri:0, instance:com.salesforcetest.SalesforceTestAutomation@3ce1e309]" started-at="2023-02-12T21:19:22 EST" name="AfterTearDownMethod" finished-at="2023-02-12T21:19:22 EST" duration-ms="427" status="PASS">
          <reporter-output>
          </reporter-output>
        </test-method> <!-- AfterTearDownMethod -->
      </class> <!-- com.salesforcetest.SalesforceTestAutomation -->
    </test> <!-- Default test -->
  </suite> <!-- Default suite -->
</testng-results>
